TN:
SF:server/auth.ts
FN:6,hashPassword
FN:12,comparePasswords
FNF:2
FNH:2
FNDA:2,hashPassword
FNDA:12,comparePasswords
DA:4,4
DA:7,2
DA:8,2
DA:9,2
DA:13,12
DA:14,12
DA:15,12
DA:16,12
LF:8
LH:8
BRF:0
BRH:0
end_of_record
TN:
SF:server/db-migrate.ts
FN:12,pushSchema
FN:19,(anonymous_1)
FNF:2
FNH:0
FNDA:0,pushSchema
FNDA:0,(anonymous_1)
DA:13,0
DA:14,0
DA:19,0
DA:21,0
DA:22,0
DA:36,0
DA:37,0
DA:64,0
DA:65,0
DA:79,0
DA:80,0
DA:95,0
DA:96,0
DA:110,0
DA:116,0
DA:122,0
DA:130,0
DA:146,0
DA:151,0
DA:155,0
DA:171,0
DA:173,0
DA:174,0
LF:23
LH:0
BRDA:21,0,0,0
BRDA:21,0,1,0
BRDA:36,1,0,0
BRDA:36,1,1,0
BRDA:64,2,0,0
BRDA:64,2,1,0
BRDA:79,3,0,0
BRDA:79,3,1,0
BRDA:95,4,0,0
BRDA:95,4,1,0
BRF:10
BRH:0
end_of_record
TN:
SF:server/db.ts
FNF:0
FNH:0
DA:5,2
DA:13,2
LF:2
LH:2
BRDA:8,0,0,0
BRDA:8,0,1,2
BRF:2
BRH:1
end_of_record
TN:
SF:server/routes.ts
FN:28,pid
FN:32,toDateStr
FN:35,getTodayStr
FN:36,getTomorrowStr
FN:42,notify
FN:82,validateMagicBytes
FN:89,(anonymous_6)
FN:89,(anonymous_7)
FN:94,(anonymous_8)
FN:95,(anonymous_9)
FN:101,(anonymous_10)
FN:161,requireAuth
FN:168,requireAdmin
FN:179,registerRoutes
FN:252,(anonymous_14)
FN:263,(anonymous_15)
FN:290,(anonymous_16)
FN:338,(anonymous_17)
FN:355,(anonymous_18)
FN:370,(anonymous_19)
FN:371,(anonymous_20)
FN:376,(anonymous_21)
FN:381,(anonymous_22)
FN:386,(anonymous_23)
FN:417,(anonymous_24)
FN:439,(anonymous_25)
FN:467,(anonymous_26)
FN:479,(anonymous_27)
FN:486,(anonymous_28)
FN:487,(anonymous_29)
FN:497,(anonymous_30)
FN:502,(anonymous_31)
FN:503,(anonymous_32)
FN:503,(anonymous_33)
FN:505,(anonymous_34)
FN:507,(anonymous_35)
FN:520,(anonymous_36)
FN:534,(anonymous_37)
FN:543,(anonymous_38)
FN:547,(anonymous_39)
FN:556,(anonymous_40)
FN:563,(anonymous_41)
FN:590,(anonymous_42)
FN:599,(anonymous_43)
FN:619,(anonymous_44)
FN:626,(anonymous_45)
FN:639,(anonymous_46)
FN:653,(anonymous_47)
FN:699,(anonymous_48)
FN:748,(anonymous_49)
FN:776,(anonymous_50)
FN:809,(anonymous_51)
FN:843,(anonymous_52)
FN:878,(anonymous_53)
FN:917,(anonymous_54)
FN:923,(anonymous_55)
FN:933,(anonymous_56)
FN:956,(anonymous_57)
FN:965,(anonymous_58)
FN:984,(anonymous_59)
FN:1017,(anonymous_60)
FN:1059,(anonymous_61)
FN:1064,(anonymous_62)
FN:1104,(anonymous_63)
FN:1117,(anonymous_64)
FN:1143,(anonymous_65)
FN:1171,(anonymous_66)
FN:1176,(anonymous_67)
FN:1181,(anonymous_68)
FNF:69
FNH:3
FNDA:0,pid
FNDA:0,toDateStr
FNDA:0,getTodayStr
FNDA:0,getTomorrowStr
FNDA:0,notify
FNDA:10,validateMagicBytes
FNDA:8,(anonymous_6)
FNDA:22,(anonymous_7)
FNDA:0,(anonymous_8)
FNDA:0,(anonymous_9)
FNDA:0,(anonymous_10)
FNDA:0,requireAuth
FNDA:0,requireAdmin
FNDA:0,registerRoutes
FNDA:0,(anonymous_14)
FNDA:0,(anonymous_15)
FNDA:0,(anonymous_16)
FNDA:0,(anonymous_17)
FNDA:0,(anonymous_18)
FNDA:0,(anonymous_19)
FNDA:0,(anonymous_20)
FNDA:0,(anonymous_21)
FNDA:0,(anonymous_22)
FNDA:0,(anonymous_23)
FNDA:0,(anonymous_24)
FNDA:0,(anonymous_25)
FNDA:0,(anonymous_26)
FNDA:0,(anonymous_27)
FNDA:0,(anonymous_28)
FNDA:0,(anonymous_29)
FNDA:0,(anonymous_30)
FNDA:0,(anonymous_31)
FNDA:0,(anonymous_32)
FNDA:0,(anonymous_33)
FNDA:0,(anonymous_34)
FNDA:0,(anonymous_35)
FNDA:0,(anonymous_36)
FNDA:0,(anonymous_37)
FNDA:0,(anonymous_38)
FNDA:0,(anonymous_39)
FNDA:0,(anonymous_40)
FNDA:0,(anonymous_41)
FNDA:0,(anonymous_42)
FNDA:0,(anonymous_43)
FNDA:0,(anonymous_44)
FNDA:0,(anonymous_45)
FNDA:0,(anonymous_46)
FNDA:0,(anonymous_47)
FNDA:0,(anonymous_48)
FNDA:0,(anonymous_49)
FNDA:0,(anonymous_50)
FNDA:0,(anonymous_51)
FNDA:0,(anonymous_52)
FNDA:0,(anonymous_53)
FNDA:0,(anonymous_54)
FNDA:0,(anonymous_55)
FNDA:0,(anonymous_56)
FNDA:0,(anonymous_57)
FNDA:0,(anonymous_58)
FNDA:0,(anonymous_59)
FNDA:0,(anonymous_60)
FNDA:0,(anonymous_61)
FNDA:0,(anonymous_62)
FNDA:0,(anonymous_63)
FNDA:0,(anonymous_64)
FNDA:0,(anonymous_65)
FNDA:0,(anonymous_66)
FNDA:0,(anonymous_67)
FNDA:0,(anonymous_68)
DA:19,2
DA:29,0
DA:33,0
DA:35,0
DA:37,0
DA:38,0
DA:39,0
DA:43,0
DA:47,2
DA:48,2
DA:49,0
DA:52,2
DA:65,2
DA:83,10
DA:84,10
DA:85,9
DA:86,8
DA:87,8
DA:88,8
DA:89,22
DA:92,2
DA:94,0
DA:96,0
DA:97,0
DA:102,0
DA:103,0
DA:105,0
DA:110,2
DA:122,2
DA:132,2
DA:141,2
DA:147,2
DA:162,0
DA:163,0
DA:165,0
DA:169,0
DA:170,0
DA:172,0
DA:173,0
DA:174,0
DA:176,0
DA:183,0
DA:185,0
DA:186,0
DA:187,0
DA:190,0
DA:212,0
DA:220,0
DA:228,0
DA:246,0
DA:247,0
DA:248,0
DA:252,0
DA:253,0
DA:254,0
DA:255,0
DA:256,0
DA:257,0
DA:258,0
DA:260,0
DA:263,0
DA:264,0
DA:265,0
DA:266,0
DA:267,0
DA:274,0
DA:275,0
DA:286,0
DA:290,0
DA:291,0
DA:292,0
DA:293,0
DA:294,0
DA:305,0
DA:306,0
DA:307,0
DA:308,0
DA:309,0
DA:320,0
DA:321,0
DA:322,0
DA:323,0
DA:334,0
DA:338,0
DA:339,0
DA:340,0
DA:341,0
DA:343,0
DA:344,0
DA:345,0
DA:346,0
DA:348,0
DA:349,0
DA:351,0
DA:352,0
DA:355,0
DA:356,0
DA:357,0
DA:359,0
DA:360,0
DA:361,0
DA:363,0
DA:364,0
DA:366,0
DA:367,0
DA:370,0
DA:371,0
DA:372,0
DA:376,0
DA:377,0
DA:378,0
DA:381,0
DA:382,0
DA:383,0
DA:386,0
DA:387,0
DA:388,0
DA:389,0
DA:391,0
DA:392,0
DA:394,0
DA:395,0
DA:396,0
DA:399,0
DA:408,0
DA:417,0
DA:418,0
DA:419,0
DA:420,0
DA:422,0
DA:423,0
DA:424,0
DA:425,0
DA:427,0
DA:428,0
DA:436,0
DA:439,0
DA:440,0
DA:441,0
DA:442,0
DA:444,0
DA:445,0
DA:447,0
DA:449,0
DA:450,0
DA:451,0
DA:454,0
DA:455,0
DA:456,0
DA:457,0
DA:458,0
DA:459,0
DA:460,0
DA:462,0
DA:463,0
DA:464,0
DA:467,0
DA:468,0
DA:469,0
DA:471,0
DA:472,0
DA:475,0
DA:476,0
DA:479,0
DA:480,0
DA:486,0
DA:487,0
DA:489,0
DA:490,0
DA:491,0
DA:492,0
DA:494,0
DA:497,0
DA:498,0
DA:499,0
DA:500,0
DA:502,0
DA:503,0
DA:505,0
DA:506,0
DA:507,0
DA:510,0
DA:520,0
DA:531,0
DA:534,0
DA:535,0
DA:536,0
DA:538,0
DA:539,0
DA:542,0
DA:543,0
DA:544,0
DA:547,0
DA:548,0
DA:549,0
DA:551,0
DA:552,0
DA:554,0
DA:555,0
DA:556,0
DA:557,0
DA:560,0
DA:563,0
DA:564,0
DA:565,0
DA:566,0
DA:568,0
DA:570,0
DA:580,0
DA:585,0
DA:590,0
DA:591,0
DA:592,0
DA:594,0
DA:595,0
DA:597,0
DA:598,0
DA:599,0
DA:600,0
DA:603,0
DA:604,0
DA:605,0
DA:607,0
DA:608,0
DA:611,0
DA:612,0
DA:613,0
DA:615,0
DA:616,0
DA:619,0
DA:620,0
DA:621,0
DA:622,0
DA:623,0
DA:626,0
DA:627,0
DA:628,0
DA:631,0
DA:632,0
DA:634,0
DA:636,0
DA:639,0
DA:640,0
DA:641,0
DA:643,0
DA:644,0
DA:646,0
DA:647,0
DA:650,0
DA:653,0
DA:654,0
DA:655,0
DA:656,0
DA:658,0
DA:660,0
DA:661,0
DA:663,0
DA:664,0
DA:665,0
DA:667,0
DA:668,0
DA:669,0
DA:670,0
DA:671,0
DA:672,0
DA:675,0
DA:696,0
DA:699,0
DA:700,0
DA:701,0
DA:702,0
DA:705,0
DA:706,0
DA:708,0
DA:709,0
DA:712,0
DA:713,0
DA:715,0
DA:723,0
DA:724,0
DA:725,0
DA:726,0
DA:727,0
DA:728,0
DA:729,0
DA:730,0
DA:731,0
DA:732,0
DA:733,0
DA:734,0
DA:735,0
DA:739,0
DA:741,0
DA:745,0
DA:748,0
DA:749,0
DA:750,0
DA:751,0
DA:753,0
DA:755,0
DA:756,0
DA:758,0
DA:759,0
DA:760,0
DA:762,0
DA:773,0
DA:776,0
DA:777,0
DA:778,0
DA:780,0
DA:781,0
DA:783,0
DA:784,0
DA:786,0
DA:787,0
DA:790,0
DA:795,0
DA:796,0
DA:806,0
DA:809,0
DA:810,0
DA:811,0
DA:813,0
DA:814,0
DA:816,0
DA:817,0
DA:820,0
DA:829,0
DA:830,0
DA:840,0
DA:843,0
DA:844,0
DA:845,0
DA:847,0
DA:848,0
DA:850,0
DA:851,0
DA:854,0
DA:855,0
DA:856,0
DA:859,0
DA:860,0
DA:865,0
DA:875,0
DA:878,0
DA:879,0
DA:881,0
DA:882,0
DA:885,0
DA:886,0
DA:888,0
DA:889,0
DA:892,0
DA:893,0
DA:894,0
DA:897,0
DA:902,0
DA:903,0
DA:904,0
DA:905,0
DA:906,0
DA:907,0
DA:912,0
DA:914,0
DA:917,0
DA:920,0
DA:923,0
DA:924,0
DA:925,0
DA:926,0
DA:927,0
DA:929,0
DA:930,0
DA:933,0
DA:934,0
DA:935,0
DA:937,0
DA:938,0
DA:939,0
DA:942,0
DA:943,0
DA:953,0
DA:956,0
DA:957,0
DA:958,0
DA:960,0
DA:961,0
DA:962,0
DA:965,0
DA:966,0
DA:967,0
DA:969,0
DA:970,0
DA:973,0
DA:974,0
DA:977,0
DA:978,0
DA:980,0
DA:981,0
DA:984,0
DA:985,0
DA:986,0
DA:988,0
DA:989,0
DA:991,0
DA:992,0
DA:994,0
DA:995,0
DA:996,0
DA:997,0
DA:998,0
DA:1002,0
DA:1017,0
DA:1018,0
DA:1019,0
DA:1020,0
DA:1021,0
DA:1023,0
DA:1024,0
DA:1025,0
DA:1027,0
DA:1029,0
DA:1031,0
DA:1041,0
DA:1043,0
DA:1044,0
DA:1045,0
DA:1056,0
DA:1059,0
DA:1060,0
DA:1061,0
DA:1064,0
DA:1065,0
DA:1066,0
DA:1069,0
DA:1070,0
DA:1071,0
DA:1074,0
DA:1075,0
DA:1077,0
DA:1078,0
DA:1081,0
DA:1082,0
DA:1086,0
DA:1087,0
DA:1088,0
DA:1089,0
DA:1092,0
DA:1101,0
DA:1104,0
DA:1105,0
DA:1106,0
DA:1109,0
DA:1110,0
DA:1112,0
DA:1114,0
DA:1117,0
DA:1118,0
DA:1119,0
DA:1121,0
DA:1122,0
DA:1124,0
DA:1125,0
DA:1129,0
DA:1130,0
DA:1131,0
DA:1133,0
DA:1134,0
DA:1137,0
DA:1138,0
DA:1139,0
DA:1140,0
DA:1143,0
DA:1144,0
DA:1145,0
DA:1147,0
DA:1148,0
DA:1150,0
DA:1151,0
DA:1154,0
DA:1155,0
DA:1156,0
DA:1159,0
DA:1160,0
DA:1161,0
DA:1163,0
DA:1164,0
DA:1167,0
DA:1168,0
DA:1171,0
DA:1172,0
DA:1173,0
DA:1176,0
DA:1177,0
DA:1178,0
DA:1181,0
DA:1182,0
DA:1183,0
DA:1186,0
LF:499
LH:18
BRDA:29,0,0,0
BRDA:29,0,1,0
BRDA:48,1,0,0
BRDA:48,1,1,2
BRDA:84,2,0,1
BRDA:84,2,1,9
BRDA:85,3,0,1
BRDA:85,3,1,8
BRDA:102,4,0,0
BRDA:102,4,1,0
BRDA:162,5,0,0
BRDA:162,5,1,0
BRDA:169,6,0,0
BRDA:169,6,1,0
BRDA:173,7,0,0
BRDA:173,7,1,0
BRDA:173,8,0,0
BRDA:173,8,1,0
BRDA:186,9,0,0
BRDA:186,9,1,0
BRDA:192,10,0,0
BRDA:192,10,1,0
BRDA:206,11,0,0
BRDA:206,11,1,0
BRDA:247,12,0,0
BRDA:247,12,1,0
BRDA:253,13,0,0
BRDA:253,13,1,0
BRDA:253,14,0,0
BRDA:253,14,1,0
BRDA:253,14,2,0
BRDA:254,15,0,0
BRDA:254,15,1,0
BRDA:255,16,0,0
BRDA:255,16,1,0
BRDA:257,17,0,0
BRDA:257,17,1,0
BRDA:257,18,0,0
BRDA:257,18,1,0
BRDA:308,19,0,0
BRDA:308,19,1,0
BRDA:326,20,0,0
BRDA:326,20,1,0
BRDA:340,21,0,0
BRDA:340,21,1,0
BRDA:345,22,0,0
BRDA:345,22,1,0
BRDA:345,23,0,0
BRDA:345,23,1,0
BRDA:356,24,0,0
BRDA:356,24,1,0
BRDA:360,25,0,0
BRDA:360,25,1,0
BRDA:363,26,0,0
BRDA:363,26,1,0
BRDA:388,27,0,0
BRDA:388,27,1,0
BRDA:391,28,0,0
BRDA:391,28,1,0
BRDA:391,29,0,0
BRDA:391,29,1,0
BRDA:395,30,0,0
BRDA:395,30,1,0
BRDA:419,31,0,0
BRDA:419,31,1,0
BRDA:424,32,0,0
BRDA:424,32,1,0
BRDA:434,33,0,0
BRDA:434,33,1,0
BRDA:441,34,0,0
BRDA:441,34,1,0
BRDA:445,35,0,0
BRDA:445,35,1,0
BRDA:449,36,0,0
BRDA:449,36,1,0
BRDA:449,37,0,0
BRDA:449,37,1,0
BRDA:451,38,0,0
BRDA:451,38,1,0
BRDA:455,39,0,0
BRDA:455,39,1,0
BRDA:456,40,0,0
BRDA:456,40,1,0
BRDA:457,41,0,0
BRDA:457,41,1,0
BRDA:458,42,0,0
BRDA:458,42,1,0
BRDA:459,43,0,0
BRDA:459,43,1,0
BRDA:459,44,0,0
BRDA:459,44,1,0
BRDA:460,45,0,0
BRDA:460,45,1,0
BRDA:463,46,0,0
BRDA:463,46,1,0
BRDA:469,47,0,0
BRDA:469,47,1,0
BRDA:471,48,0,0
BRDA:471,48,1,0
BRDA:491,49,0,0
BRDA:491,49,1,0
BRDA:506,50,0,0
BRDA:506,50,1,0
BRDA:512,51,0,0
BRDA:512,51,1,0
BRDA:513,52,0,0
BRDA:513,52,1,0
BRDA:515,53,0,0
BRDA:515,53,1,0
BRDA:516,54,0,0
BRDA:516,54,1,0
BRDA:536,55,0,0
BRDA:536,55,1,0
BRDA:538,56,0,0
BRDA:538,56,1,0
BRDA:549,57,0,0
BRDA:549,57,1,0
BRDA:552,58,0,0
BRDA:552,58,1,0
BRDA:554,59,0,0
BRDA:554,59,1,0
BRDA:557,60,0,0
BRDA:557,60,1,0
BRDA:565,61,0,0
BRDA:565,61,1,0
BRDA:592,62,0,0
BRDA:592,62,1,0
BRDA:595,63,0,0
BRDA:595,63,1,0
BRDA:597,64,0,0
BRDA:597,64,1,0
BRDA:600,65,0,0
BRDA:600,65,1,0
BRDA:604,66,0,0
BRDA:604,66,1,0
BRDA:612,67,0,0
BRDA:612,67,1,0
BRDA:621,68,0,0
BRDA:621,68,1,0
BRDA:628,69,0,0
BRDA:628,69,1,0
BRDA:631,70,0,0
BRDA:631,70,1,0
BRDA:641,71,0,0
BRDA:641,71,1,0
BRDA:644,72,0,0
BRDA:644,72,1,0
BRDA:646,73,0,0
BRDA:646,73,1,0
BRDA:646,74,0,0
BRDA:646,74,1,0
BRDA:655,75,0,0
BRDA:655,75,1,0
BRDA:661,76,0,0
BRDA:661,76,1,0
BRDA:664,77,0,0
BRDA:664,77,1,0
BRDA:665,78,0,0
BRDA:665,78,1,0
BRDA:669,79,0,0
BRDA:669,79,1,0
BRDA:671,80,0,0
BRDA:671,80,1,0
BRDA:684,81,0,0
BRDA:684,81,1,0
BRDA:686,82,0,0
BRDA:686,82,1,0
BRDA:688,83,0,0
BRDA:688,83,1,0
BRDA:689,84,0,0
BRDA:689,84,1,0
BRDA:691,85,0,0
BRDA:691,85,1,0
BRDA:701,86,0,0
BRDA:701,86,1,0
BRDA:706,87,0,0
BRDA:706,87,1,0
BRDA:708,88,0,0
BRDA:708,88,1,0
BRDA:716,89,0,0
BRDA:716,89,1,0
BRDA:718,90,0,0
BRDA:718,90,1,0
BRDA:719,91,0,0
BRDA:719,91,1,0
BRDA:720,92,0,0
BRDA:720,92,1,0
BRDA:723,93,0,0
BRDA:723,93,1,0
BRDA:724,94,0,0
BRDA:724,94,1,0
BRDA:725,95,0,0
BRDA:725,95,1,0
BRDA:725,96,0,0
BRDA:725,96,1,0
BRDA:728,97,0,0
BRDA:728,97,1,0
BRDA:731,98,0,0
BRDA:731,98,1,0
BRDA:741,99,0,0
BRDA:741,99,1,0
BRDA:741,100,0,0
BRDA:741,100,1,0
BRDA:750,101,0,0
BRDA:750,101,1,0
BRDA:756,102,0,0
BRDA:756,102,1,0
BRDA:759,103,0,0
BRDA:759,103,1,0
BRDA:765,104,0,0
BRDA:765,104,1,0
BRDA:778,105,0,0
BRDA:778,105,1,0
BRDA:780,106,0,0
BRDA:780,106,1,0
BRDA:783,107,0,0
BRDA:783,107,1,0
BRDA:786,108,0,0
BRDA:786,108,1,0
BRDA:786,109,0,0
BRDA:786,109,1,0
BRDA:799,110,0,0
BRDA:799,110,1,0
BRDA:799,111,0,0
BRDA:799,111,1,0
BRDA:811,112,0,0
BRDA:811,112,1,0
BRDA:813,113,0,0
BRDA:813,113,1,0
BRDA:816,114,0,0
BRDA:816,114,1,0
BRDA:833,115,0,0
BRDA:833,115,1,0
BRDA:845,116,0,0
BRDA:845,116,1,0
BRDA:848,117,0,0
BRDA:848,117,1,0
BRDA:850,118,0,0
BRDA:850,118,1,0
BRDA:850,119,0,0
BRDA:850,119,1,0
BRDA:855,120,0,0
BRDA:855,120,1,0
BRDA:862,121,0,0
BRDA:862,121,1,0
BRDA:881,122,0,0
BRDA:881,122,1,0
BRDA:881,123,0,0
BRDA:881,123,1,0
BRDA:886,124,0,0
BRDA:886,124,1,0
BRDA:888,125,0,0
BRDA:888,125,1,0
BRDA:893,126,0,0
BRDA:893,126,1,0
BRDA:904,127,0,0
BRDA:904,127,1,0
BRDA:925,128,0,0
BRDA:925,128,1,0
BRDA:926,129,0,0
BRDA:926,129,1,0
BRDA:935,130,0,0
BRDA:935,130,1,0
BRDA:938,131,0,0
BRDA:938,131,1,0
BRDA:958,132,0,0
BRDA:958,132,1,0
BRDA:967,133,0,0
BRDA:967,133,1,0
BRDA:969,134,0,0
BRDA:969,134,1,0
BRDA:973,135,0,0
BRDA:973,135,1,0
BRDA:986,136,0,0
BRDA:986,136,1,0
BRDA:989,137,0,0
BRDA:989,137,1,0
BRDA:995,138,0,0
BRDA:995,138,1,0
BRDA:997,139,0,0
BRDA:997,139,1,0
BRDA:1011,140,0,0
BRDA:1011,140,1,0
BRDA:1019,141,0,0
BRDA:1019,141,1,0
BRDA:1020,142,0,0
BRDA:1020,142,1,0
BRDA:1021,143,0,0
BRDA:1021,143,1,0
BRDA:1024,144,0,0
BRDA:1024,144,1,0
BRDA:1034,145,0,0
BRDA:1034,145,1,0
BRDA:1036,146,0,0
BRDA:1036,146,1,0
BRDA:1037,147,0,0
BRDA:1037,147,1,0
BRDA:1038,148,0,0
BRDA:1038,148,1,0
BRDA:1038,148,2,0
BRDA:1044,149,0,0
BRDA:1044,149,1,0
BRDA:1065,150,0,0
BRDA:1065,150,1,0
BRDA:1070,151,0,0
BRDA:1070,151,1,0
BRDA:1075,152,0,0
BRDA:1075,152,1,0
BRDA:1077,153,0,0
BRDA:1077,153,1,0
BRDA:1081,154,0,0
BRDA:1081,154,1,0
BRDA:1081,155,0,0
BRDA:1081,155,1,0
BRDA:1087,156,0,0
BRDA:1087,156,1,0
BRDA:1106,157,0,0
BRDA:1106,157,1,0
BRDA:1109,158,0,0
BRDA:1109,158,1,0
BRDA:1119,159,0,0
BRDA:1119,159,1,0
BRDA:1122,160,0,0
BRDA:1122,160,1,0
BRDA:1124,161,0,0
BRDA:1124,161,1,0
BRDA:1124,162,0,0
BRDA:1124,162,1,0
BRDA:1130,163,0,0
BRDA:1130,163,1,0
BRDA:1133,164,0,0
BRDA:1133,164,1,0
BRDA:1145,165,0,0
BRDA:1145,165,1,0
BRDA:1148,166,0,0
BRDA:1148,166,1,0
BRDA:1150,167,0,0
BRDA:1150,167,1,0
BRDA:1150,168,0,0
BRDA:1150,168,1,0
BRDA:1155,169,0,0
BRDA:1155,169,1,0
BRDA:1160,170,0,0
BRDA:1160,170,1,0
BRDA:1163,171,0,0
BRDA:1163,171,1,0
BRF:346
BRH:5
end_of_record
TN:
SF:server/seed.ts
FN:10,resolveSeedPassword
FN:20,seedDatabase
FN:153,randomUUID
FNF:3
FNH:0
FNDA:0,resolveSeedPassword
FNDA:0,seedDatabase
FNDA:0,randomUUID
DA:11,0
DA:12,0
DA:13,0
DA:14,0
DA:15,0
DA:16,0
DA:17,0
DA:22,0
DA:23,0
DA:25,0
DA:26,0
DA:31,0
DA:40,0
DA:49,0
DA:57,0
DA:65,0
DA:67,0
DA:68,0
DA:76,0
DA:79,0
DA:80,0
DA:88,0
DA:91,0
DA:99,0
DA:107,0
DA:108,0
DA:128,0
DA:129,0
DA:130,0
DA:138,0
DA:150,0
DA:154,0
LF:32
LH:0
BRDA:12,0,0,0
BRDA:12,0,1,0
BRDA:23,1,0,0
BRDA:23,1,1,0
BRDA:118,2,0,0
BRDA:118,2,1,0
BRDA:122,3,0,0
BRDA:122,3,1,0
BRDA:124,4,0,0
BRDA:124,4,1,0
BRDA:124,5,0,0
BRDA:124,5,1,0
BRDA:125,6,0,0
BRDA:125,6,1,0
BRDA:128,7,0,0
BRDA:128,7,1,0
BRF:16
BRH:0
end_of_record
TN:
SF:server/storage.ts
FN:34,toSafeUser
FN:90,getTenants
FN:94,getTenantsByIds
FN:99,getTenant
FN:104,createTenant
FN:109,updateTenant
FN:114,deleteTenant
FN:118,getUser
FN:123,getUserByUsername
FN:128,createUser
FN:133,getAllUsers
FN:137,getServiceMembers
FN:141,updateUser
FN:146,deleteUser
FN:150,getServiceMembersByAdmin
FN:156,getInspections
FN:160,getInspectionsByServiceMember
FN:166,getInspection
FN:171,createInspection
FN:176,updateInspection
FN:184,getPendingExpiredAssignments
FN:193,getOverdueInspections
FN:208,(anonymous_22)
FN:211,getScheduledInspectionsByDate
FN:215,(anonymous_24)
FN:218,createNpsSurvey
FN:223,getNpsSurveyByToken
FN:228,getNpsSurveyByInspection
FN:233,updateNpsSurvey
FN:237,getExpiredUncompletedSurveys
FN:242,(anonymous_30)
FN:242,(anonymous_31)
FN:245,createNpsResponse
FN:250,getNpsResponses
FN:254,getNpsResponsesByMember
FN:258,createInspectionReport
FN:263,getReportsByInspection
FN:269,getReportsByUploader
FN:278,getReport
FN:283,deleteReport
FN:287,getNotifications
FN:291,getUnreadNotificationCount
FN:296,createNotification
FN:309,markNotificationRead
FN:313,markAllNotificationsRead
FN:317,notificationExists
FNF:46
FNH:0
FNDA:0,toSafeUser
FNDA:0,getTenants
FNDA:0,getTenantsByIds
FNDA:0,getTenant
FNDA:0,createTenant
FNDA:0,updateTenant
FNDA:0,deleteTenant
FNDA:0,getUser
FNDA:0,getUserByUsername
FNDA:0,createUser
FNDA:0,getAllUsers
FNDA:0,getServiceMembers
FNDA:0,updateUser
FNDA:0,deleteUser
FNDA:0,getServiceMembersByAdmin
FNDA:0,getInspections
FNDA:0,getInspectionsByServiceMember
FNDA:0,getInspection
FNDA:0,createInspection
FNDA:0,updateInspection
FNDA:0,getPendingExpiredAssignments
FNDA:0,getOverdueInspections
FNDA:0,(anonymous_22)
FNDA:0,getScheduledInspectionsByDate
FNDA:0,(anonymous_24)
FNDA:0,createNpsSurvey
FNDA:0,getNpsSurveyByToken
FNDA:0,getNpsSurveyByInspection
FNDA:0,updateNpsSurvey
FNDA:0,getExpiredUncompletedSurveys
FNDA:0,(anonymous_30)
FNDA:0,(anonymous_31)
FNDA:0,createNpsResponse
FNDA:0,getNpsResponses
FNDA:0,getNpsResponsesByMember
FNDA:0,createInspectionReport
FNDA:0,getReportsByInspection
FNDA:0,getReportsByUploader
FNDA:0,getReport
FNDA:0,deleteReport
FNDA:0,getNotifications
FNDA:0,getUnreadNotificationCount
FNDA:0,createNotification
FNDA:0,markNotificationRead
FNDA:0,markAllNotificationsRead
FNDA:0,notificationExists
DA:35,0
DA:36,0
DA:91,0
DA:95,0
DA:96,0
DA:100,0
DA:101,0
DA:105,0
DA:106,0
DA:110,0
DA:111,0
DA:115,0
DA:119,0
DA:120,0
DA:124,0
DA:125,0
DA:129,0
DA:130,0
DA:134,0
DA:138,0
DA:142,0
DA:143,0
DA:147,0
DA:151,0
DA:157,0
DA:161,0
DA:167,0
DA:168,0
DA:172,0
DA:173,0
DA:177,0
DA:181,0
DA:185,0
DA:194,0
DA:195,0
DA:196,0
DA:197,0
DA:198,0
DA:199,0
DA:200,0
DA:201,0
DA:203,0
DA:205,0
DA:208,0
DA:212,0
DA:215,0
DA:219,0
DA:220,0
DA:224,0
DA:225,0
DA:229,0
DA:230,0
DA:234,0
DA:238,0
DA:242,0
DA:246,0
DA:247,0
DA:251,0
DA:255,0
DA:259,0
DA:260,0
DA:264,0
DA:270,0
DA:279,0
DA:280,0
DA:284,0
DA:288,0
DA:292,0
DA:293,0
DA:297,0
DA:298,0
DA:299,0
DA:301,0
DA:302,0
DA:303,0
DA:305,0
DA:310,0
DA:314,0
DA:318,0
DA:319,0
DA:323,2
LF:81
LH:1
BRDA:95,0,0,0
BRDA:95,0,1,0
BRDA:201,1,0,0
BRDA:201,1,1,0
BRDA:201,2,0,0
BRDA:201,2,1,0
BRDA:208,3,0,0
BRDA:208,3,1,0
BRDA:297,4,0,0
BRDA:297,4,1,0
BRDA:299,5,0,0
BRDA:299,5,1,0
BRF:12
BRH:0
end_of_record
